<html>
<head>
<title>TestNG:  Opus11</title>
<link href="../testng.css" rel="stylesheet" type="text/css" />
<link href="../my-testng.css" rel="stylesheet" type="text/css" />

<style type="text/css">
.log { display: none;} 
.stack-trace { display: none;} 
</style>
<script type="text/javascript">
<!--
function flip(e) {
  current = e.style.display;
  if (current == 'block') {
    e.style.display = 'none';
    return 0;
  }
  else {
    e.style.display = 'block';
    return 1;
  }
}

function toggleBox(szDivId, elem, msg1, msg2)
{
  var res = -1;  if (document.getElementById) {
    res = flip(document.getElementById(szDivId));
  }
  else if (document.all) {
    // this is the way old msie versions work
    res = flip(document.all[szDivId]);
  }
  if(elem) {
    if(res == 0) elem.innerHTML = msg1; else elem.innerHTML = msg2;
  }

}

function toggleAllBoxes() {
  if (document.getElementsByTagName) {
    d = document.getElementsByTagName('div');
    for (i = 0; i < d.length; i++) {
      if (d[i].className == 'log') {
        flip(d[i]);
      }
    }
  }
}

// -->
</script>

</head>
<body>
<h2 align='center'>Opus11</h2><table border='1' align="center">
<tr>
<td>Tests passed/Failed/Skipped:</td><td>10/1/0</td>
</tr><tr>
<td>Started on:</td><td>Wed Jun 01 16:15:27 IST 2022</td>
</tr>
<tr><td>Total time:</td><td>372 seconds (372338 ms)</td>
</tr><tr>
<td>Included groups:</td><td></td>
</tr><tr>
<td>Excluded groups:</td><td></td>
</tr>
</table><p/>
<small><i>(Hover the method name to see the test class name)</i></small><p/>
<table width='100%' border='1' class='invocation-failed'>
<tr><td colspan='4' align='center'><b>FAILED TESTS</b></td></tr>
<tr><td><b>Test method</b></td>
<td width="30%"><b>Exception</b></td>
<td width="10%"><b>Time (seconds)</b></td>
<td><b>Instance</b></td>
</tr>
<tr>
<td title='com.opus.testcases.TC_OpusUniversityMapping_08.verifySwitchToRoleAllocator()'><b>verifySwitchToRoleAllocator</b><br>Test class: com.opus.testcases.TC_OpusUniversityMapping_08</td>
<td><div><pre>org.openqa.selenium.NoSuchElementException: no such element: Unable to locate element: {&quot;method&quot;:&quot;xpath&quot;,&quot;selector&quot;:&quot;/html[1]/body[1]/div[1]/div[3]/form[1]/table[1]/tbody[1]/tr[109]/td[3]&quot;}
  (Session info: chrome=101.0.4951.64)
For documentation on this error, please visit: http://seleniumhq.org/exceptions/no_such_element.html
Build info: version: &apos;3.14.0&apos;, revision: &apos;aacccce0&apos;, time: &apos;2018-08-02T20:19:58.91Z&apos;
System info: host: &apos;ARS-NBT-LAP-250&apos;, ip: &apos;192.168.43.51&apos;, os.name: &apos;Linux&apos;, os.arch: &apos;amd64&apos;, os.version: &apos;5.13.0-41-generic&apos;, java.version: &apos;1.8.0_312&apos;
Driver info: org.openqa.selenium.chrome.ChromeDriver
Capabilities {acceptInsecureCerts: false, browserName: chrome, browserVersion: 101.0.4951.64, chrome: {chromedriverVersion: 101.0.4951.41 (93c720db8323..., userDataDir: /tmp/.com.google.Chrome.egOVLB}, goog:chromeOptions: {debuggerAddress: localhost:40983}, javascriptEnabled: true, networkConnectionEnabled: false, pageLoadStrategy: normal, platform: LINUX, platformName: LINUX, proxy: Proxy(), setWindowRect: true, strictFileInteractability: false, timeouts: {implicit: 0, pageLoad: 300000, script: 30000}, unhandledPromptBehavior: dismiss and notify, webauthn:extension:credBlob: true, webauthn:extension:largeBlob: true, webauthn:virtualAuthenticators: true}
Session ID: 066591e27ac1dbdd29d70f6488c366c6
*** Element info: {Using=xpath, value=/html[1]/body[1]/div[1]/div[3]/form[1]/table[1]/tbody[1]/tr[109]/td[3]}
	at org.openqa.selenium.remote.http.W3CHttpResponseCodec.createException(W3CHttpResponseCodec.java:187)
	at org.openqa.selenium.remote.http.W3CHttpResponseCodec.decode(W3CHttpResponseCodec.java:122)
	at org.openqa.selenium.remote.http.W3CHttpResponseCodec.decode(W3CHttpResponseCodec.java:49)
	at org.openqa.selenium.remote.HttpCommandExecutor.execute(HttpCommandExecutor.java:158)
	at org.openqa.selenium.remote.service.DriverCommandExecutor.execute(DriverCommandExecutor.java:83)
	at org.openqa.selenium.remote.RemoteWebDriver.execute(RemoteWebDriver.java:548)
	at org.openqa.selenium.remote.RemoteWebDriver.findElement(RemoteWebDriver.java:322)
	at org.openqa.selenium.remote.RemoteWebDriver.findElementByXPath(RemoteWebDriver.java:424)
	at org.openqa.selenium.By$ByXPath.findElement(By.java:353)
	at org.openqa.selenium.remote.RemoteWebDriver.findElement(RemoteWebDriver.java:314)
	at com.opus.pageobject.OpusUniversityMapping.switchToRoleAllocator(OpusUniversityMapping.java:339)
	at com.opus.testcases.TC_OpusUniversityMapping_08.verifySwitchToRoleAllocator(TC_OpusUniversityMapping_08.java:254)
... Removed 32 stack frames</pre></div><a href='#' onClick='toggleBox("stack-trace332527768", this, "Click to show all stack frames", "Click to hide stack frames")'>Click to show all stack frames</a>
<div class='stack-trace' id='stack-trace332527768'><pre>org.openqa.selenium.NoSuchElementException: no such element: Unable to locate element: {&quot;method&quot;:&quot;xpath&quot;,&quot;selector&quot;:&quot;/html[1]/body[1]/div[1]/div[3]/form[1]/table[1]/tbody[1]/tr[109]/td[3]&quot;}
  (Session info: chrome=101.0.4951.64)
For documentation on this error, please visit: http://seleniumhq.org/exceptions/no_such_element.html
Build info: version: &apos;3.14.0&apos;, revision: &apos;aacccce0&apos;, time: &apos;2018-08-02T20:19:58.91Z&apos;
System info: host: &apos;ARS-NBT-LAP-250&apos;, ip: &apos;192.168.43.51&apos;, os.name: &apos;Linux&apos;, os.arch: &apos;amd64&apos;, os.version: &apos;5.13.0-41-generic&apos;, java.version: &apos;1.8.0_312&apos;
Driver info: org.openqa.selenium.chrome.ChromeDriver
Capabilities {acceptInsecureCerts: false, browserName: chrome, browserVersion: 101.0.4951.64, chrome: {chromedriverVersion: 101.0.4951.41 (93c720db8323..., userDataDir: /tmp/.com.google.Chrome.egOVLB}, goog:chromeOptions: {debuggerAddress: localhost:40983}, javascriptEnabled: true, networkConnectionEnabled: false, pageLoadStrategy: normal, platform: LINUX, platformName: LINUX, proxy: Proxy(), setWindowRect: true, strictFileInteractability: false, timeouts: {implicit: 0, pageLoad: 300000, script: 30000}, unhandledPromptBehavior: dismiss and notify, webauthn:extension:credBlob: true, webauthn:extension:largeBlob: true, webauthn:virtualAuthenticators: true}
Session ID: 066591e27ac1dbdd29d70f6488c366c6
*** Element info: {Using=xpath, value=/html[1]/body[1]/div[1]/div[3]/form[1]/table[1]/tbody[1]/tr[109]/td[3]}
	at sun.reflect.NativeConstructorAccessorImpl.newInstance0(Native Method)
	at sun.reflect.NativeConstructorAccessorImpl.newInstance(NativeConstructorAccessorImpl.java:62)
	at sun.reflect.DelegatingConstructorAccessorImpl.newInstance(DelegatingConstructorAccessorImpl.java:45)
	at java.lang.reflect.Constructor.newInstance(Constructor.java:423)
	at org.openqa.selenium.remote.http.W3CHttpResponseCodec.createException(W3CHttpResponseCodec.java:187)
	at org.openqa.selenium.remote.http.W3CHttpResponseCodec.decode(W3CHttpResponseCodec.java:122)
	at org.openqa.selenium.remote.http.W3CHttpResponseCodec.decode(W3CHttpResponseCodec.java:49)
	at org.openqa.selenium.remote.HttpCommandExecutor.execute(HttpCommandExecutor.java:158)
	at org.openqa.selenium.remote.service.DriverCommandExecutor.execute(DriverCommandExecutor.java:83)
	at org.openqa.selenium.remote.RemoteWebDriver.execute(RemoteWebDriver.java:548)
	at org.openqa.selenium.remote.RemoteWebDriver.findElement(RemoteWebDriver.java:322)
	at org.openqa.selenium.remote.RemoteWebDriver.findElementByXPath(RemoteWebDriver.java:424)
	at org.openqa.selenium.By$ByXPath.findElement(By.java:353)
	at org.openqa.selenium.remote.RemoteWebDriver.findElement(RemoteWebDriver.java:314)
	at com.opus.pageobject.OpusUniversityMapping.switchToRoleAllocator(OpusUniversityMapping.java:339)
	at com.opus.testcases.TC_OpusUniversityMapping_08.verifySwitchToRoleAllocator(TC_OpusUniversityMapping_08.java:254)
	at sun.reflect.NativeMethodAccessorImpl.invoke0(Native Method)
	at sun.reflect.NativeMethodAccessorImpl.invoke(NativeMethodAccessorImpl.java:62)
	at sun.reflect.DelegatingMethodAccessorImpl.invoke(DelegatingMethodAccessorImpl.java:43)
	at java.lang.reflect.Method.invoke(Method.java:498)
	at org.testng.internal.MethodInvocationHelper.invokeMethod(MethodInvocationHelper.java:124)
	at org.testng.internal.Invoker.invokeMethod(Invoker.java:583)
	at org.testng.internal.Invoker.invokeTestMethod(Invoker.java:719)
	at org.testng.internal.Invoker.invokeTestMethods(Invoker.java:989)
	at org.testng.internal.TestMethodWorker.invokeTestMethods(TestMethodWorker.java:125)
	at org.testng.internal.TestMethodWorker.run(TestMethodWorker.java:109)
	at org.testng.TestRunner.privateRun(TestRunner.java:648)
	at org.testng.TestRunner.run(TestRunner.java:505)
	at org.testng.SuiteRunner.runTest(SuiteRunner.java:455)
	at org.testng.SuiteRunner.runSequentially(SuiteRunner.java:450)
	at org.testng.SuiteRunner.privateRun(SuiteRunner.java:415)
	at org.testng.SuiteRunner.run(SuiteRunner.java:364)
	at org.testng.SuiteRunnerWorker.runSuite(SuiteRunnerWorker.java:52)
	at org.testng.SuiteRunnerWorker.run(SuiteRunnerWorker.java:84)
	at org.testng.TestNG.runSuitesSequentially(TestNG.java:1208)
	at org.testng.TestNG.runSuitesLocally(TestNG.java:1137)
	at org.testng.TestNG.runSuites(TestNG.java:1049)
	at org.testng.TestNG.run(TestNG.java:1017)
	at org.apache.maven.surefire.testng.TestNGExecutor.run(TestNGExecutor.java:295)
	at org.apache.maven.surefire.testng.TestNGXmlTestSuite.execute(TestNGXmlTestSuite.java:84)
	at org.apache.maven.surefire.testng.TestNGProvider.invoke(TestNGProvider.java:90)
	at org.apache.maven.surefire.booter.ForkedBooter.invokeProviderInSameClassLoader(ForkedBooter.java:203)
	at org.apache.maven.surefire.booter.ForkedBooter.runSuitesInProcess(ForkedBooter.java:155)
	at org.apache.maven.surefire.booter.ForkedBooter.main(ForkedBooter.java:103)
</pre></div></td>
<td>75</td>
<td>com.opus.testcases.TC_OpusUniversityMapping_08@246ae04d</td></tr>
</table><p>
<table width='100%' border='1' class='invocation-passed'>
<tr><td colspan='4' align='center'><b>PASSED TESTS</b></td></tr>
<tr><td><b>Test method</b></td>
<td width="30%"><b>Exception</b></td>
<td width="10%"><b>Time (seconds)</b></td>
<td><b>Instance</b></td>
</tr>
<tr>
<td title='com.opus.testcases.TC_OpusUniversityMapping_08.bridgeCaseAddDetails()'><b>bridgeCaseAddDetails</b><br>Test class: com.opus.testcases.TC_OpusUniversityMapping_08</td>
<td></td>
<td>31</td>
<td>com.opus.testcases.TC_OpusUniversityMapping_08@246ae04d</td></tr>
<tr>
<td title='com.opus.testcases.TC_OpusUniversityMapping_08.bridgeLoginTest()'><b>bridgeLoginTest</b><br>Test class: com.opus.testcases.TC_OpusUniversityMapping_08</td>
<td></td>
<td>15</td>
<td>com.opus.testcases.TC_OpusUniversityMapping_08@246ae04d</td></tr>
<tr>
<td title='com.opus.testcases.TC_OpusUniversityMapping_08.verifyAdminByCityMapping()'><b>verifyAdminByCityMapping</b><br>Test class: com.opus.testcases.TC_OpusUniversityMapping_08</td>
<td></td>
<td>45</td>
<td>com.opus.testcases.TC_OpusUniversityMapping_08@246ae04d</td></tr>
<tr>
<td title='com.opus.testcases.TC_OpusUniversityMapping_08.verifyAdminUserRoleHighlighterAllocator()'><b>verifyAdminUserRoleHighlighterAllocator</b><br>Test class: com.opus.testcases.TC_OpusUniversityMapping_08</td>
<td></td>
<td>13</td>
<td>com.opus.testcases.TC_OpusUniversityMapping_08@246ae04d</td></tr>
<tr>
<td title='com.opus.testcases.TC_OpusUniversityMapping_08.verifyInsufficientAllocator()'><b>verifyInsufficientAllocator</b><br>Test class: com.opus.testcases.TC_OpusUniversityMapping_08</td>
<td></td>
<td>17</td>
<td>com.opus.testcases.TC_OpusUniversityMapping_08@246ae04d</td></tr>
<tr>
<td title='com.opus.testcases.TC_OpusUniversityMapping_08.verifyInsufficientDocsQcAllocator()'><b>verifyInsufficientDocsQcAllocator</b><br>Test class: com.opus.testcases.TC_OpusUniversityMapping_08</td>
<td></td>
<td>44</td>
<td>com.opus.testcases.TC_OpusUniversityMapping_08@246ae04d</td></tr>
<tr>
<td title='com.opus.testcases.TC_OpusUniversityMapping_08.verifyInsufficientDocsQuality()'><b>verifyInsufficientDocsQuality</b><br>Test class: com.opus.testcases.TC_OpusUniversityMapping_08</td>
<td></td>
<td>34</td>
<td>com.opus.testcases.TC_OpusUniversityMapping_08@246ae04d</td></tr>
<tr>
<td title='com.opus.testcases.TC_OpusUniversityMapping_08.verifyUserAdminRoleDocumentationSpecialist()'><b>verifyUserAdminRoleDocumentationSpecialist</b><br>Test class: com.opus.testcases.TC_OpusUniversityMapping_08</td>
<td></td>
<td>61</td>
<td>com.opus.testcases.TC_OpusUniversityMapping_08@246ae04d</td></tr>
<tr>
<td title='com.opus.testcases.TC_OpusUniversityMapping_08.verifyUserAdminRoleHighlighter()'><b>verifyUserAdminRoleHighlighter</b><br>Test class: com.opus.testcases.TC_OpusUniversityMapping_08</td>
<td></td>
<td>23</td>
<td>com.opus.testcases.TC_OpusUniversityMapping_08@246ae04d</td></tr>
<tr>
<td title='com.opus.testcases.TC_OpusUniversityMapping_08.verifyVendorAccountLogin()'><b>verifyVendorAccountLogin</b><br>Test class: com.opus.testcases.TC_OpusUniversityMapping_08</td>
<td></td>
<td>6</td>
<td>com.opus.testcases.TC_OpusUniversityMapping_08@246ae04d</td></tr>
</table><p>
</body>
</html>