<?xml version="1.0" encoding="UTF-8"?>
<!-- Generated by org.testng.reporters.JUnitXMLReporter -->
<testsuite hostname="ARS-NBT-LAP-250" ignored="0" name="Opus7" tests="10" failures="1" timestamp="26 May 2022 09:11:45 GMT" time="220.238" errors="0">
  <testcase name="verifyVendorAccountLogin" time="9.638" classname="com.opus.testcases.TC_RaiseInsufficiency_05"/>
  <testcase name="VerifyAssigningCheckToFieldExecutive" time="29.208" classname="com.opus.testcases.TC_RaiseInsufficiency_05"/>
  <testcase name="verifyUpdateCheckDetails" time="109.032" classname="com.opus.testcases.TC_RaiseInsufficiency_05"/>
  <testcase name="verifyAdminApproverTl" time="69.722" classname="com.opus.testcases.TC_RaiseInsufficiency_05">
    <failure type="org.openqa.selenium.NoSuchElementException" message="no such element: Unable to locate element: {&amp;quot;method&amp;quot;:&amp;quot;xpath&amp;quot;,&amp;quot;selector&amp;quot;:&amp;quot;/html[1]/body[1]/div[1]/div[3]/form[1]/table[2]/tbody[1]/tr[1]/td[1]/table[1]/tbody[1]/tr[1]/td[1]/select[1]&amp;quot;}
  (Session info: chrome=101.0.4951.64)
For documentation on this error, please visit: http://seleniumhq.org/exceptions/no_such_element.html
Build info: version: &amp;apos;3.14.0&amp;apos;, revision: &amp;apos;aacccce0&amp;apos;, time: &amp;apos;2018-08-02T20:19:58.91Z&amp;apos;
System info: host: &amp;apos;ARS-NBT-LAP-250&amp;apos;, ip: &amp;apos;192.168.43.51&amp;apos;, os.name: &amp;apos;Linux&amp;apos;, os.arch: &amp;apos;amd64&amp;apos;, os.version: &amp;apos;5.13.0-41-generic&amp;apos;, java.version: &amp;apos;1.8.0_312&amp;apos;
Driver info: org.openqa.selenium.chrome.ChromeDriver
Capabilities {acceptInsecureCerts: false, browserName: chrome, browserVersion: 101.0.4951.64, chrome: {chromedriverVersion: 101.0.4951.41 (93c720db8323..., userDataDir: /tmp/.com.google.Chrome.FS6kUt}, goog:chromeOptions: {debuggerAddress: localhost:35499}, javascriptEnabled: true, networkConnectionEnabled: false, pageLoadStrategy: normal, platform: LINUX, platformName: LINUX, proxy: Proxy(), setWindowRect: true, strictFileInteractability: false, timeouts: {implicit: 0, pageLoad: 300000, script: 30000}, unhandledPromptBehavior: dismiss and notify, webauthn:extension:credBlob: true, webauthn:extension:largeBlob: true, webauthn:virtualAuthenticators: true}
Session ID: 36f857bb90e88897cdaa93ab02ae71e7
*** Element info: {Using=xpath, value=/html[1]/body[1]/div[1]/div[3]/form[1]/table[2]/tbody[1]/tr[1]/td[1]/table[1]/tbody[1]/tr[1]/td[1]/select[1]}">
      <![CDATA[org.openqa.selenium.NoSuchElementException: no such element: Unable to locate element: {"method":"xpath","selector":"/html[1]/body[1]/div[1]/div[3]/form[1]/table[2]/tbody[1]/tr[1]/td[1]/table[1]/tbody[1]/tr[1]/td[1]/select[1]"}
  (Session info: chrome=101.0.4951.64)
For documentation on this error, please visit: http://seleniumhq.org/exceptions/no_such_element.html
Build info: version: '3.14.0', revision: 'aacccce0', time: '2018-08-02T20:19:58.91Z'
System info: host: 'ARS-NBT-LAP-250', ip: '192.168.43.51', os.name: 'Linux', os.arch: 'amd64', os.version: '5.13.0-41-generic', java.version: '1.8.0_312'
Driver info: org.openqa.selenium.chrome.ChromeDriver
Capabilities {acceptInsecureCerts: false, browserName: chrome, browserVersion: 101.0.4951.64, chrome: {chromedriverVersion: 101.0.4951.41 (93c720db8323..., userDataDir: /tmp/.com.google.Chrome.FS6kUt}, goog:chromeOptions: {debuggerAddress: localhost:35499}, javascriptEnabled: true, networkConnectionEnabled: false, pageLoadStrategy: normal, platform: LINUX, platformName: LINUX, proxy: Proxy(), setWindowRect: true, strictFileInteractability: false, timeouts: {implicit: 0, pageLoad: 300000, script: 30000}, unhandledPromptBehavior: dismiss and notify, webauthn:extension:credBlob: true, webauthn:extension:largeBlob: true, webauthn:virtualAuthenticators: true}
Session ID: 36f857bb90e88897cdaa93ab02ae71e7
*** Element info: {Using=xpath, value=/html[1]/body[1]/div[1]/div[3]/form[1]/table[2]/tbody[1]/tr[1]/td[1]/table[1]/tbody[1]/tr[1]/td[1]/select[1]}
at org.openqa.selenium.remote.http.W3CHttpResponseCodec.createException(W3CHttpResponseCodec.java:187)
at org.openqa.selenium.remote.http.W3CHttpResponseCodec.decode(W3CHttpResponseCodec.java:122)
at org.openqa.selenium.remote.http.W3CHttpResponseCodec.decode(W3CHttpResponseCodec.java:49)
at org.openqa.selenium.remote.HttpCommandExecutor.execute(HttpCommandExecutor.java:158)
at org.openqa.selenium.remote.service.DriverCommandExecutor.execute(DriverCommandExecutor.java:83)
at org.openqa.selenium.remote.RemoteWebDriver.execute(RemoteWebDriver.java:548)
at org.openqa.selenium.remote.RemoteWebDriver.findElement(RemoteWebDriver.java:322)
at org.openqa.selenium.remote.RemoteWebDriver.findElementByXPath(RemoteWebDriver.java:424)
at org.openqa.selenium.By$ByXPath.findElement(By.java:353)
at org.openqa.selenium.remote.RemoteWebDriver.findElement(RemoteWebDriver.java:314)
at org.openqa.selenium.support.pagefactory.DefaultElementLocator.findElement(DefaultElementLocator.java:69)
at org.openqa.selenium.support.pagefactory.internal.LocatingElementHandler.invoke(LocatingElementHandler.java:38)
at com.sun.proxy.$Proxy9.getTagName(Unknown Source)
at org.openqa.selenium.support.ui.Select.<init>(Select.java:44)
at com.opus.utilities.JavaScriptManuplator.selectOptionFromDropDown(JavaScriptManuplator.java:17)
at com.opus.pageobject.RaiseInsufficiency.raiseInsuffAllocate(RaiseInsufficiency.java:477)
at com.opus.testcases.TC_RaiseInsufficiency_05.verifyAdminApproverTl(TC_RaiseInsufficiency_05.java:105)
... Removed 32 stack frames]]>
    </failure>
  </testcase> <!-- verifyAdminApproverTl -->
  <testcase name="verifyAdminApprover" time="0.0" classname="com.opus.testcases.TC_RaiseInsufficiency_05">
    <skipped/>
  </testcase> <!-- verifyAdminApprover -->
  <testcase name="verifyCheckStatusSummaryInsufficient" time="0.0" classname="com.opus.testcases.TC_RaiseInsufficiency_05">
    <skipped/>
  </testcase> <!-- verifyCheckStatusSummaryInsufficient -->
  <testcase name="verifyBridgeFullfillCheckInsufficiency" time="0.0" classname="com.opus.testcases.TC_RaiseInsufficiency_05">
    <skipped/>
  </testcase> <!-- verifyBridgeFullfillCheckInsufficiency -->
  <testcase name="verifyDocumentsReceivedAddressProof" time="0.0" classname="com.opus.testcases.TC_RaiseInsufficiency_05">
    <skipped/>
  </testcase> <!-- verifyDocumentsReceivedAddressProof -->
  <testcase name="verifyInsuffFullfillBucketCount" time="0.0" classname="com.opus.testcases.TC_RaiseInsufficiency_05">
    <skipped/>
  </testcase> <!-- verifyInsuffFullfillBucketCount -->
  <testcase name="verifyInsuffFullfillApprovalMapping" time="0.0" classname="com.opus.testcases.TC_RaiseInsufficiency_05">
    <skipped/>
  </testcase> <!-- verifyInsuffFullfillApprovalMapping -->
</testsuite> <!-- Opus7 -->
