<?xml version="1.0" encoding="UTF-8"?>
<!-- Generated by org.testng.reporters.JUnitXMLReporter -->
<testsuite hostname="ARS-NBT-LAP-250" ignored="0" name="Opus11" tests="11" failures="1" timestamp="01 Jun 2022 10:51:39 GMT" time="372.338" errors="0">
  <testcase name="verifyVendorAccountLogin" time="6.288" classname="com.opus.testcases.TC_OpusUniversityMapping_08"/>
  <testcase name="verifyAdminByCityMapping" time="45.45" classname="com.opus.testcases.TC_OpusUniversityMapping_08"/>
  <testcase name="bridgeLoginTest" time="15.554" classname="com.opus.testcases.TC_OpusUniversityMapping_08"/>
  <testcase name="bridgeCaseAddDetails" time="31.202" classname="com.opus.testcases.TC_OpusUniversityMapping_08"/>
  <testcase name="verifyAdminUserRoleHighlighterAllocator" time="13.347" classname="com.opus.testcases.TC_OpusUniversityMapping_08"/>
  <testcase name="verifyUserAdminRoleHighlighter" time="23.161" classname="com.opus.testcases.TC_OpusUniversityMapping_08"/>
  <testcase name="verifyUserAdminRoleDocumentationSpecialist" time="61.11" classname="com.opus.testcases.TC_OpusUniversityMapping_08"/>
  <testcase name="verifyInsufficientDocsQcAllocator" time="44.696" classname="com.opus.testcases.TC_OpusUniversityMapping_08"/>
  <testcase name="verifyInsufficientDocsQuality" time="34.282" classname="com.opus.testcases.TC_OpusUniversityMapping_08"/>
  <testcase name="verifyInsufficientAllocator" time="17.803" classname="com.opus.testcases.TC_OpusUniversityMapping_08"/>
  <testcase name="verifySwitchToRoleAllocator" time="75.186" classname="com.opus.testcases.TC_OpusUniversityMapping_08">
    <failure type="org.openqa.selenium.NoSuchElementException" message="no such element: Unable to locate element: {&amp;quot;method&amp;quot;:&amp;quot;xpath&amp;quot;,&amp;quot;selector&amp;quot;:&amp;quot;/html[1]/body[1]/div[1]/div[3]/form[1]/table[1]/tbody[1]/tr[109]/td[3]&amp;quot;}
  (Session info: chrome=101.0.4951.64)
For documentation on this error, please visit: http://seleniumhq.org/exceptions/no_such_element.html
Build info: version: &amp;apos;3.14.0&amp;apos;, revision: &amp;apos;aacccce0&amp;apos;, time: &amp;apos;2018-08-02T20:19:58.91Z&amp;apos;
System info: host: &amp;apos;ARS-NBT-LAP-250&amp;apos;, ip: &amp;apos;192.168.43.51&amp;apos;, os.name: &amp;apos;Linux&amp;apos;, os.arch: &amp;apos;amd64&amp;apos;, os.version: &amp;apos;5.13.0-41-generic&amp;apos;, java.version: &amp;apos;1.8.0_312&amp;apos;
Driver info: org.openqa.selenium.chrome.ChromeDriver
Capabilities {acceptInsecureCerts: false, browserName: chrome, browserVersion: 101.0.4951.64, chrome: {chromedriverVersion: 101.0.4951.41 (93c720db8323..., userDataDir: /tmp/.com.google.Chrome.egOVLB}, goog:chromeOptions: {debuggerAddress: localhost:40983}, javascriptEnabled: true, networkConnectionEnabled: false, pageLoadStrategy: normal, platform: LINUX, platformName: LINUX, proxy: Proxy(), setWindowRect: true, strictFileInteractability: false, timeouts: {implicit: 0, pageLoad: 300000, script: 30000}, unhandledPromptBehavior: dismiss and notify, webauthn:extension:credBlob: true, webauthn:extension:largeBlob: true, webauthn:virtualAuthenticators: true}
Session ID: 066591e27ac1dbdd29d70f6488c366c6
*** Element info: {Using=xpath, value=/html[1]/body[1]/div[1]/div[3]/form[1]/table[1]/tbody[1]/tr[109]/td[3]}">
      <![CDATA[org.openqa.selenium.NoSuchElementException: no such element: Unable to locate element: {"method":"xpath","selector":"/html[1]/body[1]/div[1]/div[3]/form[1]/table[1]/tbody[1]/tr[109]/td[3]"}
  (Session info: chrome=101.0.4951.64)
For documentation on this error, please visit: http://seleniumhq.org/exceptions/no_such_element.html
Build info: version: '3.14.0', revision: 'aacccce0', time: '2018-08-02T20:19:58.91Z'
System info: host: 'ARS-NBT-LAP-250', ip: '192.168.43.51', os.name: 'Linux', os.arch: 'amd64', os.version: '5.13.0-41-generic', java.version: '1.8.0_312'
Driver info: org.openqa.selenium.chrome.ChromeDriver
Capabilities {acceptInsecureCerts: false, browserName: chrome, browserVersion: 101.0.4951.64, chrome: {chromedriverVersion: 101.0.4951.41 (93c720db8323..., userDataDir: /tmp/.com.google.Chrome.egOVLB}, goog:chromeOptions: {debuggerAddress: localhost:40983}, javascriptEnabled: true, networkConnectionEnabled: false, pageLoadStrategy: normal, platform: LINUX, platformName: LINUX, proxy: Proxy(), setWindowRect: true, strictFileInteractability: false, timeouts: {implicit: 0, pageLoad: 300000, script: 30000}, unhandledPromptBehavior: dismiss and notify, webauthn:extension:credBlob: true, webauthn:extension:largeBlob: true, webauthn:virtualAuthenticators: true}
Session ID: 066591e27ac1dbdd29d70f6488c366c6
*** Element info: {Using=xpath, value=/html[1]/body[1]/div[1]/div[3]/form[1]/table[1]/tbody[1]/tr[109]/td[3]}
at org.openqa.selenium.remote.http.W3CHttpResponseCodec.createException(W3CHttpResponseCodec.java:187)
at org.openqa.selenium.remote.http.W3CHttpResponseCodec.decode(W3CHttpResponseCodec.java:122)
at org.openqa.selenium.remote.http.W3CHttpResponseCodec.decode(W3CHttpResponseCodec.java:49)
at org.openqa.selenium.remote.HttpCommandExecutor.execute(HttpCommandExecutor.java:158)
at org.openqa.selenium.remote.service.DriverCommandExecutor.execute(DriverCommandExecutor.java:83)
at org.openqa.selenium.remote.RemoteWebDriver.execute(RemoteWebDriver.java:548)
at org.openqa.selenium.remote.RemoteWebDriver.findElement(RemoteWebDriver.java:322)
at org.openqa.selenium.remote.RemoteWebDriver.findElementByXPath(RemoteWebDriver.java:424)
at org.openqa.selenium.By$ByXPath.findElement(By.java:353)
at org.openqa.selenium.remote.RemoteWebDriver.findElement(RemoteWebDriver.java:314)
at com.opus.pageobject.OpusUniversityMapping.switchToRoleAllocator(OpusUniversityMapping.java:339)
at com.opus.testcases.TC_OpusUniversityMapping_08.verifySwitchToRoleAllocator(TC_OpusUniversityMapping_08.java:254)
... Removed 32 stack frames]]>
    </failure>
  </testcase> <!-- verifySwitchToRoleAllocator -->
</testsuite> <!-- Opus11 -->
