<?xml version="1.0" encoding="UTF-8"?>
<!-- Generated by org.testng.reporters.JUnitReportReporter -->
<testsuite skipped="1" hostname="ARS-NBT-LAP-250" name="com.opus.testcases.TC_RaiseInsufficiency_05" tests="10" failures="1" timestamp="27 May 2022 09:09:46 GMT" time="262.486" errors="0">
  <testcase name="verifyVendorAccountLogin" time="9.452" classname="com.opus.testcases.TC_RaiseInsufficiency_05"/>
  <testcase name="VerifyAssigningCheckToFieldExecutive" time="29.022" classname="com.opus.testcases.TC_RaiseInsufficiency_05"/>
  <testcase name="verifyUpdateCheckDetails" time="110.041" classname="com.opus.testcases.TC_RaiseInsufficiency_05"/>
  <testcase name="verifyAdminApproverTl" time="17.300" classname="com.opus.testcases.TC_RaiseInsufficiency_05"/>
  <testcase name="verifyAdminApprover" time="36.580" classname="com.opus.testcases.TC_RaiseInsufficiency_05"/>
  <testcase name="verifyCheckStatusSummaryInsufficient" time="22.252" classname="com.opus.testcases.TC_RaiseInsufficiency_05"/>
  <testcase name="verifyBridgeFullfillCheckInsufficiency" time="25.331" classname="com.opus.testcases.TC_RaiseInsufficiency_05"/>
  <testcase name="verifyDocumentsReceivedAddressProof" time="11.289" classname="com.opus.testcases.TC_RaiseInsufficiency_05"/>
  <testcase name="verifyInsuffFullfillBucketCount" time="1.219" classname="com.opus.testcases.TC_RaiseInsufficiency_05">
    <failure type="java.lang.AssertionError" message="expected [true] but found [false]">
      <![CDATA[java.lang.AssertionError: expected [true] but found [false]
at org.testng.Assert.fail(Assert.java:96)
at org.testng.Assert.failNotEquals(Assert.java:776)
at org.testng.Assert.assertTrue(Assert.java:44)
at org.testng.Assert.assertTrue(Assert.java:54)
at com.opus.testcases.TC_RaiseInsufficiency_05.verifyInsuffFullfillBucketCount(TC_RaiseInsufficiency_05.java:240)
at sun.reflect.NativeMethodAccessorImpl.invoke0(Native Method)
at sun.reflect.NativeMethodAccessorImpl.invoke(NativeMethodAccessorImpl.java:62)
at sun.reflect.DelegatingMethodAccessorImpl.invoke(DelegatingMethodAccessorImpl.java:43)
at java.lang.reflect.Method.invoke(Method.java:498)
at org.testng.internal.MethodInvocationHelper.invokeMethod(MethodInvocationHelper.java:124)
at org.testng.internal.Invoker.invokeMethod(Invoker.java:583)
at org.testng.internal.Invoker.invokeTestMethod(Invoker.java:719)
at org.testng.internal.Invoker.invokeTestMethods(Invoker.java:989)
at org.testng.internal.TestMethodWorker.invokeTestMethods(TestMethodWorker.java:125)
at org.testng.internal.TestMethodWorker.run(TestMethodWorker.java:109)
at org.testng.TestRunner.privateRun(TestRunner.java:648)
at org.testng.TestRunner.run(TestRunner.java:505)
at org.testng.SuiteRunner.runTest(SuiteRunner.java:455)
at org.testng.SuiteRunner.runSequentially(SuiteRunner.java:450)
at org.testng.SuiteRunner.privateRun(SuiteRunner.java:415)
at org.testng.SuiteRunner.run(SuiteRunner.java:364)
at org.testng.SuiteRunnerWorker.runSuite(SuiteRunnerWorker.java:52)
at org.testng.SuiteRunnerWorker.run(SuiteRunnerWorker.java:84)
at org.testng.TestNG.runSuitesSequentially(TestNG.java:1208)
at org.testng.TestNG.runSuitesLocally(TestNG.java:1137)
at org.testng.TestNG.runSuites(TestNG.java:1049)
at org.testng.TestNG.run(TestNG.java:1017)
at org.apache.maven.surefire.testng.TestNGExecutor.run(TestNGExecutor.java:295)
at org.apache.maven.surefire.testng.TestNGXmlTestSuite.execute(TestNGXmlTestSuite.java:84)
at org.apache.maven.surefire.testng.TestNGProvider.invoke(TestNGProvider.java:90)
at org.apache.maven.surefire.booter.ForkedBooter.invokeProviderInSameClassLoader(ForkedBooter.java:203)
at org.apache.maven.surefire.booter.ForkedBooter.runSuitesInProcess(ForkedBooter.java:155)
at org.apache.maven.surefire.booter.ForkedBooter.main(ForkedBooter.java:103)
]]>
    </failure>
  </testcase> <!-- verifyInsuffFullfillBucketCount -->
  <testcase name="verifyInsuffFullfillApprovalMapping" time="0.000" classname="com.opus.testcases.TC_RaiseInsufficiency_05">
    <skipped/>
  </testcase> <!-- verifyInsuffFullfillApprovalMapping -->
</testsuite> <!-- com.opus.testcases.TC_RaiseInsufficiency_05 -->
